<?xml version="1.0" encoding="UTF-8"?>
<testsuites name="jest tests" tests="3" failures="1" errors="0" time="9.244">
  <testsuite name="src\App.test.js" errors="0" failures="1" skipped="0" timestamp="2023-07-05T07:29:15" time="5.355" tests="3">
    <testcase classname=" renders learn react link" name=" renders learn react link" time="0.133">
    </testcase>
    <testcase classname=" adds 1 + 2 to equal 3" name=" adds 1 + 2 to equal 3" time="0.002">
    </testcase>
    <testcase classname=" should first" name=" should first" time="0.002">
      <failure>ReferenceError: fail is not defined
    at Object.&lt;anonymous&gt; (C:\Users\Hp\Documents\WorkSpace\DevOps\Azure-Devops\build-and-deploy\src\src\App.test.js:15:2)
    at Promise.then.completed (C:\Users\Hp\Documents\WorkSpace\DevOps\Azure-Devops\build-and-deploy\src\node_modules\jest-circus\build\utils.js:391:28)
    at new Promise (&lt;anonymous&gt;)
    at callAsyncCircusFn (C:\Users\Hp\Documents\WorkSpace\DevOps\Azure-Devops\build-and-deploy\src\node_modules\jest-circus\build\utils.js:316:10)
    at _callCircusTest (C:\Users\Hp\Documents\WorkSpace\DevOps\Azure-Devops\build-and-deploy\src\node_modules\jest-circus\build\run.js:218:40)
    at _runTest (C:\Users\Hp\Documents\WorkSpace\DevOps\Azure-Devops\build-and-deploy\src\node_modules\jest-circus\build\run.js:155:3)
    at _runTestsForDescribeBlock (C:\Users\Hp\Documents\WorkSpace\DevOps\Azure-Devops\build-and-deploy\src\node_modules\jest-circus\build\run.js:66:9)
    at run (C:\Users\Hp\Documents\WorkSpace\DevOps\Azure-Devops\build-and-deploy\src\node_modules\jest-circus\build\run.js:25:3)
    at runAndTransformResultsToJestFormat (C:\Users\Hp\Documents\WorkSpace\DevOps\Azure-Devops\build-and-deploy\src\node_modules\jest-circus\build\legacy-code-todo-rewrite\jestAdapterInit.js:170:21)
    at jestAdapter (C:\Users\Hp\Documents\WorkSpace\DevOps\Azure-Devops\build-and-deploy\src\node_modules\jest-circus\build\legacy-code-todo-rewrite\jestAdapter.js:82:19)
    at runTestInternal (C:\Users\Hp\Documents\WorkSpace\DevOps\Azure-Devops\build-and-deploy\src\node_modules\jest-runner\build\runTest.js:389:16)
    at runTest (C:\Users\Hp\Documents\WorkSpace\DevOps\Azure-Devops\build-and-deploy\src\node_modules\jest-runner\build\runTest.js:475:34)
    at TestRunner.runTests (C:\Users\Hp\Documents\WorkSpace\DevOps\Azure-Devops\build-and-deploy\src\node_modules\jest-runner\build\index.js:101:12)
    at TestScheduler.scheduleTests (C:\Users\Hp\Documents\WorkSpace\DevOps\Azure-Devops\build-and-deploy\src\node_modules\@jest\core\build\TestScheduler.js:333:13)
    at runJest (C:\Users\Hp\Documents\WorkSpace\DevOps\Azure-Devops\build-and-deploy\src\node_modules\@jest\core\build\runJest.js:404:19)
    at _run10000 (C:\Users\Hp\Documents\WorkSpace\DevOps\Azure-Devops\build-and-deploy\src\node_modules\@jest\core\build\cli\index.js:320:7)
    at runCLI (C:\Users\Hp\Documents\WorkSpace\DevOps\Azure-Devops\build-and-deploy\src\node_modules\@jest\core\build\cli\index.js:173:3)
    at Object.run (C:\Users\Hp\Documents\WorkSpace\DevOps\Azure-Devops\build-and-deploy\src\node_modules\jest-cli\build\cli\index.js:155:37)</failure>
    </testcase>
  </testsuite>
</testsuites>